TN:
SF:utils/base64.js
FN:13,(anonymous_0)
FN:40,(anonymous_1)
FN:68,(anonymous_2)
FN:101,(anonymous_3)
FN:153,(anonymous_4)
FNF:5
FNH:5
FNDA:18,(anonymous_0)
FNDA:19,(anonymous_1)
FNDA:20,(anonymous_2)
FNDA:20,(anonymous_3)
FNDA:24,(anonymous_4)
DA:5,1
DA:14,18
DA:16,16
DA:19,16
DA:20,16
DA:22,16
DA:24,16
DA:25,1
DA:30,16
DA:41,19
DA:43,17
DA:45,17
DA:46,1
DA:51,17
DA:52,17
DA:53,3
DA:56,17
DA:59,17
DA:60,17
DA:69,20
DA:71,19
DA:72,19
DA:73,19
DA:75,19
DA:77,3405
DA:78,3405
DA:79,3405
DA:82,3405
DA:83,3405
DA:84,3405
DA:85,3405
DA:87,3405
DA:88,3405
DA:89,3405
DA:90,3405
DA:93,19
DA:102,20
DA:105,19
DA:106,1
DA:109,18
DA:110,18
DA:111,18
DA:112,1152
DA:116,18
DA:118,18
DA:119,18
DA:121,18
DA:123,3403
DA:124,3403
DA:125,3403
DA:126,3403
DA:128,3403
DA:129,3403
DA:130,3403
DA:131,3403
DA:134,3403
DA:135,3403
DA:136,3403
DA:138,3403
DA:139,3403
DA:140,3403
DA:143,18
DA:154,24
DA:156,24
DA:158,24
DA:160,1
DA:165,23
DA:167,1
DA:168,1
DA:172,23
LF:70
LH:70
BRDA:13,0,0,18
BRDA:14,1,0,2
BRDA:14,1,1,16
BRDA:16,2,0,16
BRDA:24,3,0,1
BRDA:24,3,1,15
BRDA:40,4,0,19
BRDA:41,5,0,2
BRDA:41,5,1,17
BRDA:43,6,0,17
BRDA:45,7,0,1
BRDA:45,7,1,16
BRDA:52,8,0,3
BRDA:52,8,1,14
BRDA:69,9,0,1
BRDA:69,9,1,19
BRDA:78,10,0,3398
BRDA:78,10,1,7
BRDA:79,11,0,3391
BRDA:79,11,1,14
BRDA:83,12,0,3398
BRDA:83,12,1,7
BRDA:84,13,0,3398
BRDA:84,13,1,7
BRDA:84,14,0,3391
BRDA:84,14,1,7
BRDA:85,15,0,3391
BRDA:85,15,1,14
BRDA:89,16,0,3398
BRDA:89,16,1,7
BRDA:90,17,0,3391
BRDA:90,17,1,14
BRDA:102,18,0,1
BRDA:102,18,1,19
BRDA:105,19,0,1
BRDA:105,19,1,18
BRDA:130,20,0,3395
BRDA:130,20,1,8
BRDA:131,21,0,3389
BRDA:131,21,1,14
BRDA:139,22,0,3395
BRDA:139,22,1,8
BRDA:139,23,0,3403
BRDA:139,23,1,3395
BRDA:140,24,0,3389
BRDA:140,24,1,14
BRDA:140,25,0,3403
BRDA:140,25,1,3389
BRDA:153,26,0,24
BRDA:154,27,0,0
BRDA:154,27,1,24
BRDA:154,28,0,24
BRDA:154,28,1,24
BRDA:156,29,0,24
BRDA:158,30,0,1
BRDA:158,30,1,23
BRDA:165,31,0,1
BRDA:165,31,1,22
BRDA:165,32,0,23
BRDA:165,32,1,2
BRDA:168,33,0,0
BRDA:168,33,1,1
BRF:62
BRH:60
end_of_record
TN:
SF:utils/formatting.js
FN:13,(anonymous_0)
FN:24,(anonymous_1)
FN:37,(anonymous_2)
FN:59,(anonymous_3)
FN:68,(anonymous_4)
FN:88,(anonymous_5)
FN:98,(anonymous_6)
FN:120,(anonymous_7)
FN:144,(anonymous_8)
FN:162,(anonymous_9)
FN:177,(anonymous_10)
FN:190,(anonymous_11)
FN:199,(anonymous_12)
FN:208,(anonymous_13)
FN:209,(anonymous_14)
FNF:15
FNH:4
FNDA:0,(anonymous_0)
FNDA:0,(anonymous_1)
FNDA:10,(anonymous_2)
FNDA:5,(anonymous_3)
FNDA:0,(anonymous_4)
FNDA:0,(anonymous_5)
FNDA:6,(anonymous_6)
FNDA:5,(anonymous_7)
FNDA:0,(anonymous_8)
FNDA:0,(anonymous_9)
FNDA:0,(anonymous_10)
FNDA:0,(anonymous_11)
FNDA:0,(anonymous_12)
FNDA:0,(anonymous_13)
FNDA:0,(anonymous_14)
DA:6,1
DA:14,0
DA:25,0
DA:38,10
DA:39,10
DA:40,10
DA:41,10
DA:42,10
DA:43,10
DA:45,10
DA:60,5
DA:69,0
DA:70,0
DA:71,0
DA:73,0
DA:74,0
DA:75,0
DA:78,0
DA:89,0
DA:90,0
DA:99,6
DA:100,6
DA:101,6
DA:102,6
DA:104,6
DA:105,2
DA:106,4
DA:107,1
DA:108,3
DA:109,1
DA:111,2
DA:121,5
DA:122,5
DA:123,5
DA:124,5
DA:125,5
DA:126,5
DA:128,5
DA:129,1
DA:130,4
DA:131,1
DA:132,3
DA:133,1
DA:135,2
DA:146,0
DA:149,0
DA:150,0
DA:153,0
DA:163,0
DA:164,0
DA:167,0
DA:178,0
DA:179,0
DA:182,0
DA:191,0
DA:200,0
DA:209,0
LF:57
LH:33
BRDA:13,0,0,0
BRDA:24,1,0,0
BRDA:24,2,0,0
BRDA:37,3,0,10
BRDA:73,4,0,0
BRDA:73,4,1,0
BRDA:88,5,0,0
BRDA:104,6,0,2
BRDA:104,6,1,4
BRDA:106,7,0,1
BRDA:106,7,1,3
BRDA:108,8,0,1
BRDA:108,8,1,2
BRDA:128,9,0,1
BRDA:128,9,1,4
BRDA:130,10,0,1
BRDA:130,10,1,3
BRDA:132,11,0,1
BRDA:132,11,1,2
BRDA:149,12,0,0
BRDA:149,12,1,0
BRDA:162,13,0,0
BRDA:163,14,0,0
BRDA:163,14,1,0
BRDA:177,15,0,0
BRDA:177,16,0,0
BRDA:178,17,0,0
BRDA:178,17,1,0
BRF:28
BRH:13
end_of_record
TN:
SF:utils/lunarCalendar.js
FN:47,(anonymous_0)
FN:58,(anonymous_1)
FN:68,(anonymous_2)
FN:75,(anonymous_3)
FN:82,(anonymous_4)
FN:150,(anonymous_5)
FN:170,(anonymous_6)
FN:194,(anonymous_7)
FN:214,(anonymous_8)
FNF:9
FNH:9
FNDA:1079,(anonymous_0)
FNDA:1084,(anonymous_1)
FNDA:1094,(anonymous_2)
FNDA:61,(anonymous_3)
FNDA:11,(anonymous_4)
FNDA:8,(anonymous_5)
FNDA:8,(anonymous_6)
FNDA:3,(anonymous_7)
FNDA:4,(anonymous_8)
DA:6,1
DA:48,1079
DA:49,1079
DA:50,12948
DA:52,1079
DA:59,1084
DA:60,404
DA:62,680
DA:69,1094
DA:76,61
DA:83,11
DA:84,2
DA:87,9
DA:90,9
DA:93,9
DA:94,1071
DA:95,1071
DA:97,9
DA:98,7
DA:102,9
DA:103,9
DA:104,57
DA:105,3
DA:106,3
DA:107,3
DA:108,3
DA:110,54
DA:111,54
DA:113,57
DA:114,2
DA:117,9
DA:118,0
DA:119,0
DA:121,0
DA:122,0
DA:125,9
DA:126,7
DA:127,7
DA:129,9
DA:132,9
DA:133,9
DA:135,9
DA:151,8
DA:163,8
DA:164,8
DA:171,8
DA:187,8
DA:188,8
DA:196,3
DA:197,3
DA:200,2
DA:201,2
DA:202,2
DA:203,2
DA:206,1
DA:215,4
DA:218,4
DA:244,4
LF:58
LH:54
BRDA:50,0,0,6958
BRDA:50,0,1,5990
BRDA:59,1,0,404
BRDA:59,1,1,680
BRDA:60,2,0,103
BRDA:60,2,1,301
BRDA:76,3,0,18
BRDA:76,3,1,43
BRDA:83,4,0,2
BRDA:83,4,1,9
BRDA:83,5,0,11
BRDA:83,5,1,10
BRDA:93,6,0,9
BRDA:93,6,1,1079
BRDA:97,7,0,7
BRDA:97,7,1,2
BRDA:103,8,0,9
BRDA:103,8,1,65
BRDA:104,9,0,3
BRDA:104,9,1,54
BRDA:104,10,0,57
BRDA:104,10,1,27
BRDA:104,10,2,5
BRDA:113,11,0,2
BRDA:113,11,1,55
BRDA:113,12,0,57
BRDA:113,12,1,5
BRDA:117,13,0,0
BRDA:117,13,1,9
BRDA:117,14,0,9
BRDA:117,14,1,2
BRDA:117,14,2,0
BRDA:118,15,0,0
BRDA:118,15,1,0
BRDA:125,16,0,7
BRDA:125,16,1,2
BRDA:126,17,0,1
BRDA:126,17,1,6
BRDA:142,18,0,1
BRDA:142,18,1,8
BRDA:164,19,0,8
BRDA:164,19,1,2
BRDA:188,20,0,8
BRDA:188,20,1,3
BRDA:197,21,0,1
BRDA:197,21,1,2
BRDA:201,22,0,2
BRDA:201,22,1,0
BRDA:203,23,0,1
BRDA:203,23,1,1
BRDA:244,24,0,4
BRDA:244,24,1,1
BRF:52
BRH:47
end_of_record
